<?xml version="1.0" encoding="UTF-8"?>
<!-- Generated by org.testng.reporters.JUnitReportReporter -->
<testsuite hostname="DESKTOP-3BP8S7P" failures="0" tests="1" name="testCases.TC_001_LoginTest" time="0.569" errors="0" timestamp="2023-04-27T12:47:23 CDT" skipped="0">
  <testcase classname="testCases.TC_001_LoginTest" name="test_Login" time="0.569"/>
  <system-out/>
</testsuite> <!-- testCases.TC_001_LoginTest -->
