<?xml version="1.0" encoding="UTF-8"?>
<!-- Generated by org.testng.reporters.JUnitReportReporter -->
<testsuite hostname="DESKTOP-3BP8S7P" failures="0" tests="1" name="testCases.TC_002_AddingNewCustomerTest" time="1.859" errors="0" timestamp="2023-04-03T09:04:03 CDT" skipped="0">
  <testcase classname="testCases.TC_002_AddingNewCustomerTest" name="test_AddNewCustomer" time="1.859"/>
  <system-out/>
</testsuite> <!-- testCases.TC_002_AddingNewCustomerTest -->
