<?xml version="1.0" encoding="UTF-8"?>
<!-- Generated by org.testng.reporters.JUnitReportReporter -->
<testsuite hostname="DESKTOP-3BP8S7P" failures="0" tests="1" name="testCases.TC_002_AddingNewCustomerTest" time="2.871" errors="0" timestamp="2023-03-29T16:05:12 CDT" skipped="0">
  <testcase classname="testCases.TC_002_AddingNewCustomerTest" name="test_AddNewCustomer" time="2.871"/>
  <system-out/>
</testsuite> <!-- testCases.TC_002_AddingNewCustomerTest -->
